2026-01-05 21:05:35 [INFO] 日志记录器已配置
2026-01-05 21:05:55 [INFO] 日志记录器已配置
2026-01-05 21:06:27 [INFO] 日志记录器已配置
2026-01-05 21:06:30 [INFO] 访问了学生界面
2026-01-05 21:06:30 [INFO] query=,page=1,page_size=10
2026-01-05 21:06:52 [INFO] 访问了学生界面
2026-01-05 21:06:52 [INFO] query=nihao,page=1,page_size=10
2026-01-05 21:07:40 [INFO] 访问了学生界面
2026-01-05 21:07:40 [INFO] query=,page=1,page_size=10
2026-01-05 21:10:48 [INFO] 日志记录器已配置
2026-01-05 21:11:04 [INFO] 日志记录器已配置
2026-01-05 21:11:33 [INFO] 日志记录器已配置
2026-01-05 21:11:42 [INFO] 日志记录器已配置
2026-01-05 21:11:55 [INFO] 访问了学生界面
2026-01-05 21:11:55 [INFO] query=,page=1,page_size=10
2026-01-05 21:12:16 [INFO] 访问了学生界面
2026-01-05 21:12:16 [INFO] query=,page=1,page_size=10
2026-01-05 21:14:05 [INFO] 日志记录器已配置
2026-01-05 21:14:11 [INFO] 日志记录器已配置
2026-01-05 21:14:34 [INFO] 日志记录器已配置
2026-01-05 21:14:47 [INFO] 日志记录器已配置
2026-01-05 21:14:49 [INFO] 访问了学生界面
2026-01-05 21:14:49 [INFO] query=,page=1,page_size=10
2026-01-05 21:14:49 [INFO] students={'total': 1, 'list': [{'studentId': '2023001', 'name': '王小明', 'gender': '男', 'major': '计算机科学', 'phone': '13812345678', 'avatar': 'https://cube.elemecdn.com/0/88/03b0d39583f48206768a7534e55bcpng.png'}]}
2026-01-05 21:15:09 [INFO] 日志记录器已配置
2026-01-05 21:16:36 [INFO] 日志记录器已配置
2026-01-05 21:17:03 [INFO] 日志记录器已配置
2026-01-05 21:18:11 [INFO] 日志记录器已配置
2026-01-05 21:18:33 [INFO] 访问了注册界面
2026-01-05 21:18:33 [INFO] username=None,password=None,name=None,email=None
2026-01-05 21:18:33 [INFO] if_ok={'msg': '注册成功', 'user': {'username': 'testuser_datacheck', 'name': 'testname', 'role': 'teacher', 'avatar': 'https://cube.elemecdn.com/0/88/03b0d39583f48206768a7534e55bcpng.png'}}
2026-01-05 21:22:36 [INFO] 日志记录器已配置
2026-01-05 21:23:03 [INFO] 日志记录器已配置
2026-01-05 21:23:33 [INFO] 日志记录器已配置
2026-01-05 21:24:01 [INFO] 日志记录器已配置
2026-01-05 21:25:04 [INFO] 日志记录器已配置
2026-01-05 21:25:05 [INFO] 日志记录器已配置
2026-01-05 21:25:09 [INFO] 访问了学生界面
2026-01-05 21:25:09 [INFO] query=,page=1,page_size=10
2026-01-05 21:25:26 [INFO] 访问了学生界面
2026-01-05 21:25:26 [INFO] query=,page=1,page_size=10
2026-01-05 21:27:16 [INFO] 日志记录器已配置
2026-01-05 21:27:23 [INFO] 访问了学生界面
2026-01-05 21:27:23 [INFO] query=,page=1,page_size=10
2026-01-05 21:27:23 [INFO] students[0]={'total': 1, 'list': [{'studentId': '2023001', 'name': '王小明', 'gender': '男', 'major': '计算机科学', 'phone': '13812345678', 'avatar': 'https://cube.elemecdn.com/0/88/03b0d39583f48206768a7534e55bcpng.png'}]}
2026-01-05 21:28:05 [INFO] 日志记录器已配置
2026-01-05 21:29:55 [INFO] 日志记录器已配置
2026-01-05 21:29:57 [INFO] 日志记录器已配置
2026-01-05 21:30:01 [INFO] 访问了学生界面
2026-01-05 21:30:01 [INFO] query=,page=1,page_size=10
2026-01-05 21:30:01 [INFO] students[0]=[{'studentId': '2023001', 'name': '王小明', 'gender': '男', 'major': '计算机科学', 'phone': '13812345678', 'avatar': 'https://cube.elemecdn.com/0/88/03b0d39583f48206768a7534e55bcpng.png'}]
2026-01-05 21:30:13 [INFO] 日志记录器已配置
2026-01-05 21:30:17 [INFO] 访问了学生界面
2026-01-05 21:30:17 [INFO] query=,page=1,page_size=10
2026-01-05 21:30:17 [INFO] students[0]={'studentId': '2023001', 'name': '王小明', 'gender': '男', 'major': '计算机科学', 'phone': '13812345678', 'avatar': 'https://cube.elemecdn.com/0/88/03b0d39583f48206768a7534e55bcpng.png'}
2026-01-05 21:33:22 [INFO] 日志记录器已配置
2026-01-05 21:43:12 [INFO] 日志记录器已配置
2026-01-05 21:43:13 [INFO] 日志记录器已配置
2026-01-05 21:43:16 [INFO] 访问了主界面
2026-01-05 21:43:24 [INFO] 访问了测试界面
2026-01-05 22:00:53 [INFO] 日志记录器已配置
2026-01-06 00:06:05 [INFO] 日志记录器已配置
2026-01-06 00:06:07 [INFO] 日志记录器已配置
2026-01-06 00:06:28 [INFO] 日志记录器已配置
2026-01-06 00:06:39 [INFO] 访问了学生界面
2026-01-06 00:06:39 [INFO] query=,page=1,page_size=10
2026-01-06 00:06:39 [INFO] students[0]={'studentId': '2023001', 'name': '王小明', 'gender': '男', 'major': '计算机科学', 'phone': '13812345678', 'avatar': 'https://cube.elemecdn.com/0/88/03b0d39583f48206768a7534e55bcpng.png'}
2026-01-06 00:11:06 [INFO] 日志记录器已配置
2026-01-06 00:11:11 [INFO] 日志记录器已配置
2026-01-06 00:11:18 [INFO] 日志记录器已配置
2026-01-06 00:11:23 [INFO] 日志记录器已配置
2026-01-06 00:18:07 [INFO] 日志记录器已配置
2026-01-06 00:18:09 [INFO] 日志记录器已配置
2026-01-06 00:18:12 [INFO] 访问了用户界面
2026-01-06 00:18:12 [INFO] phone=None,name=None,email=None
2026-01-06 00:18:12 [INFO] if_ok=修改成功
2026-01-06 00:19:40 [INFO] 日志记录器已配置
2026-01-06 00:19:59 [INFO] 日志记录器已配置
2026-01-06 00:20:25 [INFO] 日志记录器已配置
2026-01-06 00:20:37 [INFO] 访问了学生界面
2026-01-06 00:20:37 [INFO] query=,page=1,pageSize=10
2026-01-06 00:20:37 [INFO] work[0]={'id': 1}
2026-01-06 00:22:21 [INFO] 日志记录器已配置
2026-01-06 00:22:34 [INFO] 访问了用户界面
2026-01-06 00:22:34 [INFO] phone=None,name=None,email=None
2026-01-06 00:22:34 [INFO] if_ok=修改成功
2026-01-06 00:23:02 [INFO] 访问了注册界面
2026-01-06 00:23:02 [INFO] role=None,password=None,name=None,email=None
2026-01-06 00:23:02 [INFO] if_ok={'msg': '注册成功', 'user': {'id': 0, 'username': 'testuser_datacheck', 'name': 'testname', 'role': 'teacher', 'phone': 1234567890, 'avatar': 'https://cube.elemecdn.com/0/88/03b0d39583f48206768a7534e55bcpng.png'}}
2026-01-06 00:23:50 [INFO] 访问了注册界面
2026-01-06 00:23:50 [INFO] role=None,password=None,name=None,email=None
2026-01-06 00:23:50 [INFO] if_ok={'msg': '注册成功', 'user': {'id': 0, 'username': 'testuser_datacheck', 'name': 'testname', 'role': 'teacher', 'phone': 1234567890, 'avatar': 'https://cube.elemecdn.com/0/88/03b0d39583f48206768a7534e55bcpng.png'}}
2026-01-06 00:24:31 [INFO] 日志记录器已配置
2026-01-06 00:25:55 [INFO] 日志记录器已配置
2026-01-06 00:27:18 [INFO] 日志记录器已配置
2026-01-06 00:27:20 [INFO] 日志记录器已配置
2026-01-06 00:27:23 [INFO] 访问了登录界面
2026-01-06 00:27:23 [INFO] phone=None,password=None
2026-01-06 00:27:23 [INFO] if_ok=登录成功
2026-01-06 00:27:25 [INFO] 访问了学生界面
2026-01-06 00:27:25 [INFO] query=,page=None,pageSize=None
2026-01-06 00:27:25 [INFO] work[0]={'id': 1}
2026-01-06 00:28:54 [INFO] 访问了学生界面
2026-01-06 00:28:54 [INFO] query=,page=None,pageSize=None
2026-01-06 00:28:54 [INFO] work[0]={'id': 1}
2026-01-06 00:30:25 [INFO] 日志记录器已配置
2026-01-06 00:32:08 [INFO] 日志记录器已配置
2026-01-06 00:32:10 [INFO] 日志记录器已配置
2026-01-06 00:33:09 [INFO] 日志记录器已配置
2026-01-06 00:33:14 [INFO] 访问了学生界面
2026-01-06 00:33:14 [INFO] query=,page=None,pageSize=None
2026-01-06 00:33:14 [INFO] work[0]={'id': 1}
2026-01-06 00:33:43 [INFO] 日志记录器已配置
2026-01-06 00:33:49 [INFO] 日志记录器已配置
2026-01-06 00:33:51 [INFO] 访问了学生界面
2026-01-06 00:33:51 [INFO] query=,page=None,pageSize=None
2026-01-06 00:33:51 [INFO] work[0]={'id': 1}
2026-01-06 00:34:16 [INFO] 访问了学生界面
2026-01-06 00:34:16 [INFO] query=,page=None,pageSize=None
2026-01-06 00:34:16 [INFO] work[0]={'id': 1}
2026-01-06 00:36:03 [INFO] 访问了学生界面
2026-01-06 00:36:03 [INFO] query=,page=None,pageSize=None
2026-01-06 00:36:03 [INFO] work[0]={'id': 1}
2026-01-06 00:36:26 [INFO] 访问了学生界面
2026-01-06 00:36:26 [INFO] query=nihao1,page=None,pageSize=None
2026-01-06 00:36:26 [INFO] work[0]={'id': 1}
2026-01-06 00:36:59 [INFO] 日志记录器已配置
2026-01-06 00:37:04 [INFO] 访问了作业查看界面
2026-01-06 00:37:04 [INFO] query=,page=None,pageSize=None
2026-01-06 00:37:04 [INFO] work[0]={'id': 1}
2026-01-06 00:37:18 [INFO] 访问了作业查看界面
2026-01-06 00:37:18 [INFO] query=nihao1,page=None,pageSize=None
2026-01-06 00:37:18 [INFO] work[0]={'id': 1}
2026-01-06 00:38:14 [INFO] 日志记录器已配置
2026-01-06 00:39:29 [INFO] 日志记录器已配置
2026-01-06 00:41:29 [INFO] 日志记录器已配置
2026-01-06 00:41:47 [INFO] 日志记录器已配置
2026-01-06 00:41:52 [INFO] 日志记录器已配置
2026-01-06 00:42:00 [INFO] 访问了作业查看界面
2026-01-06 00:42:00 [INFO] query=,page=None,pageSize=None
2026-01-06 00:42:32 [INFO] 日志记录器已配置
2026-01-06 00:42:39 [INFO] 访问了作业查看界面
2026-01-06 00:42:39 [INFO] query=,page=None,pageSize=None
2026-01-06 00:42:39 [INFO] work[0]={'workId': '1', 'title': 'test', 'course': 'test', 'content': 'test', 'active': True, 'progerss': 50, 'completed': False}
2026-01-06 00:43:50 [INFO] 访问了作业查看界面
2026-01-06 00:43:50 [INFO] query=,page=None,pageSize=None
2026-01-06 00:43:50 [INFO] work[0]={'workId': '1', 'title': 'test', 'course': 'test', 'content': 'test', 'active': True, 'progerss': 50, 'completed': False}
2026-01-06 00:44:26 [INFO] 日志记录器已配置
2026-01-06 00:44:31 [INFO] 访问了作业查看界面
2026-01-06 00:44:31 [INFO] query=,page=None,pageSize=None
2026-01-06 00:44:31 [INFO] work[0]={'workId': '1', 'title': 'test', 'course': 'test', 'content': 'test', 'active': True, 'progerss': 50, 'completed': False}
2026-01-06 00:44:58 [INFO] 日志记录器已配置
2026-01-06 00:45:06 [INFO] 日志记录器已配置
2026-01-06 00:45:10 [INFO] 访问了作业查看界面
2026-01-06 00:45:10 [INFO] query=,page=None,pageSize=None
2026-01-06 00:45:10 [INFO] work[0]={'workId': '1', 'title': 'test', 'course': 'test', 'content': 'test', 'active': True, 'progerss': 50, 'completed': False}
2026-01-06 00:45:42 [INFO] 访问了作业查看界面
2026-01-06 00:45:42 [INFO] query=,page=None,pageSize=None
2026-01-06 00:45:42 [INFO] work[0]={'workId': '1', 'title': 'test', 'course': 'test', 'content': 'test', 'active': True, 'progerss': 50, 'completed': False}
2026-01-06 00:46:21 [INFO] 日志记录器已配置
2026-01-06 00:46:22 [INFO] 日志记录器已配置
2026-01-06 00:46:27 [INFO] 访问了作业查看界面
2026-01-06 00:46:27 [INFO] query=,page=None,pageSize=None
2026-01-06 00:46:27 [INFO] work[0]={'workId': '1', 'title': 'test', 'course': 'test', 'content': 'test', 'active': True, 'progerss': 50, 'completed': False}
2026-01-06 00:47:24 [INFO] 访问了登录界面
2026-01-06 00:47:24 [INFO] phone=None,password=None
2026-01-06 00:47:24 [INFO] if_ok=登录成功
2026-01-06 00:47:26 [INFO] 访问了作业查看界面
2026-01-06 00:47:26 [INFO] query=,page=None,pageSize=None
2026-01-06 00:47:26 [INFO] work[0]={'workId': '1', 'title': 'test', 'course': 'test', 'content': 'test', 'active': True, 'progerss': 50, 'completed': False}
2026-01-06 00:47:32 [INFO] 访问了作业查看界面
2026-01-06 00:47:32 [INFO] query=,page=None,pageSize=None
2026-01-06 00:47:32 [INFO] work[0]={'workId': '1', 'title': 'test', 'course': 'test', 'content': 'test', 'active': True, 'progerss': 50, 'completed': False}
2026-01-06 00:49:39 [INFO] 日志记录器已配置
2026-01-06 00:49:47 [INFO] 访问了作业查看界面
2026-01-06 00:49:47 [INFO] query=,page=None,pageSize=None
2026-01-06 00:49:47 [INFO] work[0]={'workId': '1', 'title': 'test', 'course': 'test', 'content': 'test', 'active': True, 'progerss': 50, 'completed': False}
2026-01-06 00:50:51 [INFO] 日志记录器已配置
2026-01-06 00:50:52 [INFO] 访问了作业查看界面
2026-01-06 00:50:52 [INFO] query=,page=None,pageSize=None
2026-01-06 00:50:52 [INFO] work[0]={'workId': '1', 'title': 'test', 'course': 'test', 'content': 'test', 'active': True, 'progerss': 50, 'completed': False}
2026-01-06 00:50:54 [INFO] 访问了作业查看界面
2026-01-06 00:50:54 [INFO] query=,page=None,pageSize=None
2026-01-06 00:50:54 [INFO] work[0]={'workId': '1', 'title': 'test', 'course': 'test', 'content': 'test', 'active': True, 'progerss': 50, 'completed': False}
2026-01-06 00:52:00 [INFO] 日志记录器已配置
2026-01-06 00:52:17 [INFO] 访问了注册界面
2026-01-06 00:52:17 [INFO] role=None,password=None,name=None,email=None
2026-01-06 00:52:18 [INFO] 访问了注册界面
2026-01-06 00:52:18 [INFO] role=None,password=None,name=None,email=None
2026-01-06 00:52:24 [INFO] 访问了注册界面
2026-01-06 00:52:24 [INFO] role=None,password=None,name=None,email=None
2026-01-06 00:52:34 [INFO] 访问了注册界面
2026-01-06 00:52:34 [INFO] role=None,password=None,name=None,email=None
2026-01-06 00:52:39 [INFO] 日志记录器已配置
2026-01-06 00:52:46 [INFO] 访问了注册界面
2026-01-06 00:52:46 [INFO] role=None,password=None,name=None,email=None
2026-01-06 00:52:56 [INFO] 日志记录器已配置
2026-01-06 00:52:58 [INFO] 访问了注册界面
2026-01-06 00:52:58 [INFO] role=None,password=None,name=None,email=None
2026-01-06 00:53:08 [INFO] 访问了注册界面
2026-01-06 00:53:08 [INFO] role=None,password=None,name=None,email=None
2026-01-06 00:53:09 [INFO] 访问了注册界面
2026-01-06 00:53:09 [INFO] role=None,password=None,name=None,email=None
2026-01-06 00:54:05 [INFO] 日志记录器已配置
2026-01-06 00:54:07 [INFO] 访问了注册界面
2026-01-06 00:54:07 [INFO] role=None,password=None,name=None,email=None
2026-01-06 00:54:34 [INFO] 日志记录器已配置
2026-01-06 00:54:36 [INFO] 访问了注册界面
2026-01-06 00:54:36 [INFO] role=None,password=None,name=None,email=None
2026-01-06 00:54:42 [INFO] 访问了登录界面
2026-01-06 00:54:42 [INFO] phone=None,password=None
2026-01-06 00:54:42 [INFO] if_ok=登录成功
2026-01-06 00:55:05 [INFO] 日志记录器已配置
