2026-01-19 13:47:43 [INFO] sql日志记录器已配置
2026-01-19 13:47:45 [INFO] sql日志记录器已配置
2026-01-19 13:47:48 [INFO] 老师查询作业信息
2026-01-19 13:47:48 [INFO] ()
2026-01-19 13:47:50 [INFO] 数据库开始修改用户信息
2026-01-19 13:47:50 [INFO] ((9, '数据库原理', '计算机科学', 4, '必修', 6), (10, '数据结构', '计算机科学', 4, '必修', 6), (11, '操作系统', '计算机科学', 4, '必修', 6), (12, '软件工程导论', '软件工程', 3, '必修', 6), (13, '人工智能基础', '人工智能', 3, '必修', 6), (14, '机器学习', '人工智能', 3, '选修', 6), (15, '计算机网络', '计算机科学', 4, '必修', 6), (16, '算法设计与分析', '计算机科学', 3, '选修', 6))
2026-01-19 13:47:50 [INFO] course={'courseId': '9', 'courseName': '数据库原理', 'major': '计算机科学', 'credits': 4, 'type': '必修', 'teacher': '', 'time': '', 'place': '', 'selected': False}
2026-01-19 13:47:50 [INFO] course={'courseId': '10', 'courseName': '数据结构', 'major': '计算机科学', 'credits': 4, 'type': '必修', 'teacher': '', 'time': '', 'place': '', 'selected': False}
2026-01-19 13:47:50 [INFO] course={'courseId': '11', 'courseName': '操作系统', 'major': '计算机科学', 'credits': 4, 'type': '必修', 'teacher': '', 'time': '', 'place': '', 'selected': False}
2026-01-19 13:47:50 [INFO] course={'courseId': '12', 'courseName': '软件工程导论', 'major': '软件工程', 'credits': 3, 'type': '必修', 'teacher': '', 'time': '', 'place': '', 'selected': False}
2026-01-19 13:47:50 [INFO] course={'courseId': '13', 'courseName': '人工智能基础', 'major': '人工智能', 'credits': 3, 'type': '必修', 'teacher': '', 'time': '', 'place': '', 'selected': False}
2026-01-19 13:47:50 [INFO] course={'courseId': '14', 'courseName': '机器学习', 'major': '人工智能', 'credits': 3, 'type': '选修', 'teacher': '', 'time': '', 'place': '', 'selected': False}
2026-01-19 13:47:50 [INFO] course={'courseId': '15', 'courseName': '计算机网络', 'major': '计算机科学', 'credits': 4, 'type': '必修', 'teacher': '', 'time': '', 'place': '', 'selected': False}
2026-01-19 13:47:50 [INFO] course={'courseId': '16', 'courseName': '算法设计与分析', 'major': '计算机科学', 'credits': 3, 'type': '选修', 'teacher': '', 'time': '', 'place': '', 'selected': False}
2026-01-19 13:47:54 [INFO] 老师编辑课程
2026-01-19 13:47:54 [INFO] (('SUCCESS',),)
2026-01-19 13:47:54 [INFO] 数据库开始修改用户信息
2026-01-19 13:47:54 [INFO] ((1, '高等数学', '计算机科学与技术', 4, '选修', 6), (9, '数据库原理', '计算机科学', 4, '必修', 6), (10, '数据结构', '计算机科学', 4, '必修', 6), (11, '操作系统', '计算机科学', 4, '必修', 6), (12, '软件工程导论', '软件工程', 3, '必修', 6), (13, '人工智能基础', '人工智能', 3, '必修', 6), (14, '机器学习', '人工智能', 3, '选修', 6), (15, '计算机网络', '计算机科学', 4, '必修', 6), (16, '算法设计与分析', '计算机科学', 3, '选修', 6))
2026-01-19 13:47:54 [INFO] course={'courseId': '1', 'courseName': '高等数学', 'major': '计算机科学与技术', 'credits': 4, 'type': '选修', 'teacher': '', 'time': '', 'place': '', 'selected': False}
2026-01-19 13:47:54 [INFO] course={'courseId': '9', 'courseName': '数据库原理', 'major': '计算机科学', 'credits': 4, 'type': '必修', 'teacher': '', 'time': '', 'place': '', 'selected': False}
2026-01-19 13:47:54 [INFO] course={'courseId': '10', 'courseName': '数据结构', 'major': '计算机科学', 'credits': 4, 'type': '必修', 'teacher': '', 'time': '', 'place': '', 'selected': False}
2026-01-19 13:47:54 [INFO] course={'courseId': '11', 'courseName': '操作系统', 'major': '计算机科学', 'credits': 4, 'type': '必修', 'teacher': '', 'time': '', 'place': '', 'selected': False}
2026-01-19 13:47:54 [INFO] course={'courseId': '12', 'courseName': '软件工程导论', 'major': '软件工程', 'credits': 3, 'type': '必修', 'teacher': '', 'time': '', 'place': '', 'selected': False}
2026-01-19 13:47:54 [INFO] course={'courseId': '13', 'courseName': '人工智能基础', 'major': '人工智能', 'credits': 3, 'type': '必修', 'teacher': '', 'time': '', 'place': '', 'selected': False}
2026-01-19 13:47:54 [INFO] course={'courseId': '14', 'courseName': '机器学习', 'major': '人工智能', 'credits': 3, 'type': '选修', 'teacher': '', 'time': '', 'place': '', 'selected': False}
2026-01-19 13:47:54 [INFO] course={'courseId': '15', 'courseName': '计算机网络', 'major': '计算机科学', 'credits': 4, 'type': '必修', 'teacher': '', 'time': '', 'place': '', 'selected': False}
2026-01-19 13:47:54 [INFO] course={'courseId': '16', 'courseName': '算法设计与分析', 'major': '计算机科学', 'credits': 3, 'type': '选修', 'teacher': '', 'time': '', 'place': '', 'selected': False}
